<?xml version="1.0" encoding="UTF-8"?>
<!DOCTYPE coverage SYSTEM "http://cobertura.sourceforge.net/xml/coverage-04.dtd">
<coverage line-rate="0.65775401069519" branch-rate="0" lines-covered="123" lines-valid="187" branches-covered="0" branches-valid="0" complexity="28" version="0.4" timestamp="1665229990">
  <sources>
    <source>/var/www/wits-overflow/src</source>
  </sources>
  <packages>
    <package name="" line-rate="0.88888888888889" branch-rate="0" complexity="3">
      <classes>
        <class name="App\GetComments" filename="GetComments.php" line-rate="1" branch-rate="0" complexity="3">
          <methods>
            <method name="makeCall" signature="" line-rate="1" branch-rate="0" complexity="3">
              <lines>
                <line number="8" hits="1"/>
                <line number="9" hits="1"/>
                <line number="12" hits="1"/>
                <line number="15" hits="1"/>
                <line number="16" hits="1"/>
                <line number="19" hits="1"/>
                <line number="23" hits="1"/>
                <line number="24" hits="1"/>
                <line number="25" hits="1"/>
                <line number="27" hits="1"/>
                <line number="29" hits="1"/>
                <line number="30" hits="1"/>
                <line number="31" hits="1"/>
                <line number="34" hits="1"/>
                <line number="35" hits="1"/>
                <line number="36" hits="1"/>
              </lines>
            </method>
          </methods>
          <lines>
            <line number="8" hits="1"/>
            <line number="9" hits="1"/>
            <line number="12" hits="1"/>
            <line number="15" hits="1"/>
            <line number="16" hits="1"/>
            <line number="19" hits="1"/>
            <line number="23" hits="1"/>
            <line number="24" hits="1"/>
            <line number="25" hits="1"/>
            <line number="27" hits="1"/>
            <line number="29" hits="1"/>
            <line number="30" hits="1"/>
            <line number="31" hits="1"/>
            <line number="34" hits="1"/>
            <line number="35" hits="1"/>
            <line number="36" hits="1"/>
          </lines>
        </class>
      </classes>
    </package>
    <package name="" line-rate="0" branch-rate="0" complexity="3">
      <classes>
        <class name="App\GetPopularQuestions" filename="GetPopularQuestions.php" line-rate="0" branch-rate="0" complexity="3">
          <methods>
            <method name="makeCall" signature="" line-rate="0" branch-rate="0" complexity="3">
              <lines>
                <line number="8" hits="0"/>
                <line number="9" hits="0"/>
                <line number="12" hits="0"/>
                <line number="14" hits="0"/>
                <line number="21" hits="0"/>
                <line number="22" hits="0"/>
                <line number="25" hits="0"/>
                <line number="27" hits="0"/>
                <line number="28" hits="0"/>
                <line number="29" hits="0"/>
                <line number="33" hits="0"/>
                <line number="34" hits="0"/>
                <line number="35" hits="0"/>
              </lines>
            </method>
          </methods>
          <lines>
            <line number="8" hits="0"/>
            <line number="9" hits="0"/>
            <line number="12" hits="0"/>
            <line number="14" hits="0"/>
            <line number="21" hits="0"/>
            <line number="22" hits="0"/>
            <line number="25" hits="0"/>
            <line number="27" hits="0"/>
            <line number="28" hits="0"/>
            <line number="29" hits="0"/>
            <line number="33" hits="0"/>
            <line number="34" hits="0"/>
            <line number="35" hits="0"/>
          </lines>
        </class>
      </classes>
    </package>
    <package name="" line-rate="0.88235294117647" branch-rate="0" complexity="3">
      <classes>
        <class name="App\GetSingleQuestion" filename="GetSingleQuestion.php" line-rate="1" branch-rate="0" complexity="3">
          <methods>
            <method name="makeCall" signature="" line-rate="1" branch-rate="0" complexity="3">
              <lines>
                <line number="8" hits="1"/>
                <line number="9" hits="1"/>
                <line number="11" hits="1"/>
                <line number="14" hits="1"/>
                <line number="16" hits="1"/>
                <line number="23" hits="1"/>
                <line number="24" hits="1"/>
                <line number="25" hits="1"/>
                <line number="28" hits="1"/>
                <line number="30" hits="1"/>
                <line number="31" hits="1"/>
                <line number="32" hits="1"/>
                <line number="36" hits="1"/>
                <line number="37" hits="1"/>
                <line number="38" hits="1"/>
              </lines>
            </method>
          </methods>
          <lines>
            <line number="8" hits="1"/>
            <line number="9" hits="1"/>
            <line number="11" hits="1"/>
            <line number="14" hits="1"/>
            <line number="16" hits="1"/>
            <line number="23" hits="1"/>
            <line number="24" hits="1"/>
            <line number="25" hits="1"/>
            <line number="28" hits="1"/>
            <line number="30" hits="1"/>
            <line number="31" hits="1"/>
            <line number="32" hits="1"/>
            <line number="36" hits="1"/>
            <line number="37" hits="1"/>
            <line number="38" hits="1"/>
          </lines>
        </class>
      </classes>
    </package>
    <package name="" line-rate="0.88235294117647" branch-rate="0" complexity="3">
      <classes>
        <class name="App\GetUserAnswers" filename="GetUserAnswers.php" line-rate="1" branch-rate="0" complexity="3">
          <methods>
            <method name="makeCall" signature="" line-rate="1" branch-rate="0" complexity="3">
              <lines>
                <line number="9" hits="1"/>
                <line number="10" hits="1"/>
                <line number="12" hits="1"/>
                <line number="13" hits="1"/>
                <line number="16" hits="1"/>
                <line number="24" hits="1"/>
                <line number="25" hits="1"/>
                <line number="26" hits="1"/>
                <line number="29" hits="1"/>
                <line number="31" hits="1"/>
                <line number="32" hits="1"/>
                <line number="33" hits="1"/>
                <line number="37" hits="1"/>
                <line number="38" hits="1"/>
                <line number="40" hits="1"/>
              </lines>
            </method>
          </methods>
          <lines>
            <line number="9" hits="1"/>
            <line number="10" hits="1"/>
            <line number="12" hits="1"/>
            <line number="13" hits="1"/>
            <line number="16" hits="1"/>
            <line number="24" hits="1"/>
            <line number="25" hits="1"/>
            <line number="26" hits="1"/>
            <line number="29" hits="1"/>
            <line number="31" hits="1"/>
            <line number="32" hits="1"/>
            <line number="33" hits="1"/>
            <line number="37" hits="1"/>
            <line number="38" hits="1"/>
            <line number="40" hits="1"/>
          </lines>
        </class>
      </classes>
    </package>
    <package name="" line-rate="0.875" branch-rate="0" complexity="2">
      <classes>
        <class name="App\GetUserProfile" filename="GetUserProfile.php" line-rate="1" branch-rate="0" complexity="2">
          <methods>
            <method name="makeCall" signature="" line-rate="1" branch-rate="0" complexity="2">
              <lines>
                <line number="8" hits="1"/>
                <line number="9" hits="1"/>
                <line number="12" hits="1"/>
                <line number="15" hits="1"/>
                <line number="18" hits="1"/>
                <line number="19" hits="1"/>
                <line number="20" hits="1"/>
                <line number="21" hits="1"/>
                <line number="24" hits="1"/>
                <line number="26" hits="1"/>
                <line number="27" hits="1"/>
                <line number="30" hits="1"/>
                <line number="31" hits="1"/>
                <line number="32" hits="1"/>
              </lines>
            </method>
          </methods>
          <lines>
            <line number="8" hits="1"/>
            <line number="9" hits="1"/>
            <line number="12" hits="1"/>
            <line number="15" hits="1"/>
            <line number="18" hits="1"/>
            <line number="19" hits="1"/>
            <line number="20" hits="1"/>
            <line number="21" hits="1"/>
            <line number="24" hits="1"/>
            <line number="26" hits="1"/>
            <line number="27" hits="1"/>
            <line number="30" hits="1"/>
            <line number="31" hits="1"/>
            <line number="32" hits="1"/>
          </lines>
        </class>
      </classes>
    </package>
    <package name="" line-rate="0" branch-rate="0" complexity="3">
      <classes>
        <class name="App\GetUserQuestions" filename="GetUserQuestions.php" line-rate="0" branch-rate="0" complexity="3">
          <methods>
            <method name="makeCall" signature="" line-rate="0" branch-rate="0" complexity="3">
              <lines>
                <line number="9" hits="0"/>
                <line number="10" hits="0"/>
                <line number="12" hits="0"/>
                <line number="13" hits="0"/>
                <line number="16" hits="0"/>
                <line number="23" hits="0"/>
                <line number="24" hits="0"/>
                <line number="25" hits="0"/>
                <line number="28" hits="0"/>
                <line number="30" hits="0"/>
                <line number="31" hits="0"/>
                <line number="32" hits="0"/>
                <line number="36" hits="0"/>
                <line number="37" hits="0"/>
                <line number="38" hits="0"/>
              </lines>
            </method>
          </methods>
          <lines>
            <line number="9" hits="0"/>
            <line number="10" hits="0"/>
            <line number="12" hits="0"/>
            <line number="13" hits="0"/>
            <line number="16" hits="0"/>
            <line number="23" hits="0"/>
            <line number="24" hits="0"/>
            <line number="25" hits="0"/>
            <line number="28" hits="0"/>
            <line number="30" hits="0"/>
            <line number="31" hits="0"/>
            <line number="32" hits="0"/>
            <line number="36" hits="0"/>
            <line number="37" hits="0"/>
            <line number="38" hits="0"/>
          </lines>
        </class>
      </classes>
    </package>
    <package name="" line-rate="0.88235294117647" branch-rate="0" complexity="2">
      <classes>
        <class name="App\Login" filename="Login.php" line-rate="1" branch-rate="0" complexity="2">
          <methods>
            <method name="makeCall" signature="" line-rate="1" branch-rate="0" complexity="2">
              <lines>
                <line number="10" hits="1"/>
                <line number="12" hits="1"/>
                <line number="15" hits="1"/>
                <line number="18" hits="1"/>
                <line number="19" hits="1"/>
                <line number="22" hits="1"/>
                <line number="23" hits="1"/>
                <line number="24" hits="1"/>
                <line number="25" hits="1"/>
                <line number="28" hits="1"/>
                <line number="30" hits="1"/>
                <line number="31" hits="1"/>
                <line number="34" hits="1"/>
                <line number="35" hits="1"/>
                <line number="37" hits="1"/>
              </lines>
            </method>
          </methods>
          <lines>
            <line number="10" hits="1"/>
            <line number="12" hits="1"/>
            <line number="15" hits="1"/>
            <line number="18" hits="1"/>
            <line number="19" hits="1"/>
            <line number="22" hits="1"/>
            <line number="23" hits="1"/>
            <line number="24" hits="1"/>
            <line number="25" hits="1"/>
            <line number="28" hits="1"/>
            <line number="30" hits="1"/>
            <line number="31" hits="1"/>
            <line number="34" hits="1"/>
            <line number="35" hits="1"/>
            <line number="37" hits="1"/>
          </lines>
        </class>
      </classes>
    </package>
    <package name="" line-rate="0.90909090909091" branch-rate="0" complexity="1">
      <classes>
        <class name="App\Register" filename="Register.php" line-rate="1" branch-rate="0" complexity="1">
          <methods>
            <method name="makeCall" signature="" line-rate="1" branch-rate="0" complexity="1">
              <lines>
                <line number="8" hits="1"/>
                <line number="9" hits="1"/>
                <line number="11" hits="1"/>
                <line number="14" hits="1"/>
                <line number="15" hits="1"/>
                <line number="16" hits="1"/>
                <line number="17" hits="1"/>
                <line number="18" hits="1"/>
                <line number="21" hits="1"/>
                <line number="22" hits="1"/>
                <line number="23" hits="1"/>
                <line number="24" hits="1"/>
                <line number="26" hits="1"/>
                <line number="27" hits="1"/>
                <line number="28" hits="1"/>
                <line number="29" hits="1"/>
                <line number="31" hits="1"/>
                <line number="33" hits="1"/>
                <line number="34" hits="1"/>
                <line number="35" hits="1"/>
              </lines>
            </method>
          </methods>
          <lines>
            <line number="8" hits="1"/>
            <line number="9" hits="1"/>
            <line number="11" hits="1"/>
            <line number="14" hits="1"/>
            <line number="15" hits="1"/>
            <line number="16" hits="1"/>
            <line number="17" hits="1"/>
            <line number="18" hits="1"/>
            <line number="21" hits="1"/>
            <line number="22" hits="1"/>
            <line number="23" hits="1"/>
            <line number="24" hits="1"/>
            <line number="26" hits="1"/>
            <line number="27" hits="1"/>
            <line number="28" hits="1"/>
            <line number="29" hits="1"/>
            <line number="31" hits="1"/>
            <line number="33" hits="1"/>
            <line number="34" hits="1"/>
            <line number="35" hits="1"/>
          </lines>
        </class>
      </classes>
    </package>
    <package name="" line-rate="0.875" branch-rate="0" complexity="3">
      <classes>
        <class name="App\SearchQuestion" filename="SearchQuestion.php" line-rate="1" branch-rate="0" complexity="3">
          <methods>
            <method name="makeCall" signature="" line-rate="1" branch-rate="0" complexity="3">
              <lines>
                <line number="8" hits="1"/>
                <line number="9" hits="1"/>
                <line number="12" hits="1"/>
                <line number="15" hits="1"/>
                <line number="17" hits="1"/>
                <line number="18" hits="1"/>
                <line number="19" hits="1"/>
                <line number="22" hits="1"/>
                <line number="24" hits="1"/>
                <line number="25" hits="1"/>
                <line number="26" hits="1"/>
                <line number="30" hits="1"/>
                <line number="31" hits="1"/>
                <line number="32" hits="1"/>
              </lines>
            </method>
          </methods>
          <lines>
            <line number="8" hits="1"/>
            <line number="9" hits="1"/>
            <line number="12" hits="1"/>
            <line number="15" hits="1"/>
            <line number="17" hits="1"/>
            <line number="18" hits="1"/>
            <line number="19" hits="1"/>
            <line number="22" hits="1"/>
            <line number="24" hits="1"/>
            <line number="25" hits="1"/>
            <line number="26" hits="1"/>
            <line number="30" hits="1"/>
            <line number="31" hits="1"/>
            <line number="32" hits="1"/>
          </lines>
        </class>
      </classes>
    </package>
    <package name="" line-rate="0.875" branch-rate="0" complexity="3">
      <classes>
        <class name="App\SearchUsers" filename="SearchUsers.php" line-rate="1" branch-rate="0" complexity="3">
          <methods>
            <method name="makeCall" signature="" line-rate="1" branch-rate="0" complexity="3">
              <lines>
                <line number="8" hits="1"/>
                <line number="9" hits="1"/>
                <line number="12" hits="1"/>
                <line number="15" hits="1"/>
                <line number="18" hits="1"/>
                <line number="19" hits="1"/>
                <line number="20" hits="1"/>
                <line number="23" hits="1"/>
                <line number="26" hits="1"/>
                <line number="27" hits="1"/>
                <line number="28" hits="1"/>
                <line number="31" hits="1"/>
                <line number="32" hits="1"/>
                <line number="33" hits="1"/>
              </lines>
            </method>
          </methods>
          <lines>
            <line number="8" hits="1"/>
            <line number="9" hits="1"/>
            <line number="12" hits="1"/>
            <line number="15" hits="1"/>
            <line number="18" hits="1"/>
            <line number="19" hits="1"/>
            <line number="20" hits="1"/>
            <line number="23" hits="1"/>
            <line number="26" hits="1"/>
            <line number="27" hits="1"/>
            <line number="28" hits="1"/>
            <line number="31" hits="1"/>
            <line number="32" hits="1"/>
            <line number="33" hits="1"/>
          </lines>
        </class>
      </classes>
    </package>
    <package name="" line-rate="0" branch-rate="0" complexity="2">
      <classes>
        <class name="App\ValidateUser" filename="ValidateUser.php" line-rate="0" branch-rate="0" complexity="2">
          <methods>
            <method name="makeCall" signature="" line-rate="0" branch-rate="0" complexity="2">
              <lines>
                <line number="9" hits="0"/>
                <line number="10" hits="0"/>
                <line number="13" hits="0"/>
                <line number="16" hits="0"/>
                <line number="19" hits="0"/>
                <line number="20" hits="0"/>
                <line number="21" hits="0"/>
                <line number="22" hits="0"/>
                <line number="25" hits="0"/>
                <line number="27" hits="0"/>
                <line number="28" hits="0"/>
                <line number="31" hits="0"/>
                <line number="32" hits="0"/>
                <line number="34" hits="0"/>
              </lines>
            </method>
          </methods>
          <lines>
            <line number="9" hits="0"/>
            <line number="10" hits="0"/>
            <line number="13" hits="0"/>
            <line number="16" hits="0"/>
            <line number="19" hits="0"/>
            <line number="20" hits="0"/>
            <line number="21" hits="0"/>
            <line number="22" hits="0"/>
            <line number="25" hits="0"/>
            <line number="27" hits="0"/>
            <line number="28" hits="0"/>
            <line number="31" hits="0"/>
            <line number="32" hits="0"/>
            <line number="34" hits="0"/>
          </lines>
        </class>
      </classes>
    </package>
  </packages>
</coverage>
